<?xml version="1.0" encoding="UTF-8"?>
<!-- Generated by org.testng.reporters.JUnitReportReporter -->
<testsuite skipped="0" hostname="DESKTOP-1ESRFEC" name="com.qtpselenium.core.ddf.testcases.TestcaseA" tests="3" failures="0" timestamp="29 Jan 2018 01:56:32 GMT" time="0.017" errors="0">
  <testcase name="testA1" time="0.010" classname="com.qtpselenium.core.ddf.testcases.TestcaseA"/>
  <testcase name="testA2" time="0.005" classname="com.qtpselenium.core.ddf.testcases.TestcaseA"/>
  <testcase name="testA3" time="0.002" classname="com.qtpselenium.core.ddf.testcases.TestcaseA"/>
</testsuite> <!-- com.qtpselenium.core.ddf.testcases.TestcaseA -->
