<?xml version="1.0" encoding="UTF-8"?>
<!-- Generated by org.testng.reporters.JUnitReportReporter -->
<testsuite skipped="1" hostname="DESKTOP-1ESRFEC" name="com.qtpselenium.core.ddf.testcases.TestcaseB" tests="4" failures="0" timestamp="05 Feb 2018 05:25:24 GMT" time="33.813" errors="0">
  <testcase name="testB" time="9.223" classname="com.qtpselenium.core.ddf.testcases.TestcaseB"/>
  <testcase name="testB" time="9.790" classname="com.qtpselenium.core.ddf.testcases.TestcaseB"/>
  <testcase name="testB" time="14.724" classname="com.qtpselenium.core.ddf.testcases.TestcaseB"/>
  <testcase name="testB" time="0.076" classname="com.qtpselenium.core.ddf.testcases.TestcaseB">
    <skipped/>
  </testcase> <!-- testB -->
</testsuite> <!-- com.qtpselenium.core.ddf.testcases.TestcaseB -->
